<?xml version="1.0" encoding="UTF-8"?>
<testsuite xmlns:xsi="http://www.w3.org/2001/XMLSchema-instance" xsi:noNamespaceSchemaLocation="https://maven.apache.org/surefire/maven-surefire-plugin/xsd/surefire-test-report-3.0.xsd" version="3.0" name="com.hivclinic.service.DoctorNotificationServiceTest" time="0.898" tests="19" errors="0" skipped="0" failures="0">
  <properties>
    <property name="java.specification.version" value="17"/>
    <property name="sun.cpu.isalist" value="amd64"/>
    <property name="sun.jnu.encoding" value="Cp1252"/>
    <property name="java.class.path" value="C:\Program Files\Apache\Maven\apache-maven-3.9.9\boot\plexus-classworlds-2.8.0.jar"/>
    <property name="forkCount" value="0"/>
    <property name="java.vm.vendor" value="Oracle Corporation"/>
    <property name="sun.arch.data.model" value="64"/>
    <property name="user.variant" value=""/>
    <property name="java.vendor.url" value="https://java.oracle.com/"/>
    <property name="user.timezone" value="Asia/Saigon"/>
    <property name="org.jboss.logging.provider" value="slf4j"/>
    <property name="maven.conf" value="C:\Program Files\Apache\Maven\apache-maven-3.9.9/conf"/>
    <property name="java.vm.specification.version" value="17"/>
    <property name="os.name" value="Windows 11"/>
    <property name="sun.java.launcher" value="SUN_STANDARD"/>
    <property name="user.country" value="US"/>
    <property name="sun.boot.library.path" value="C:\Program Files\Java\jdk-17\bin"/>
    <property name="sun.java.command" value="org.codehaus.plexus.classworlds.launcher.Launcher test -DforkCount=0"/>
    <property name="jdk.debug" value="release"/>
    <property name="maven.home" value="C:\Program Files\Apache\Maven\apache-maven-3.9.9"/>
    <property name="surefire.test.class.path" value="C:\Users\PC\Github\swp-hiv-clinic\target\test-classes;C:\Users\PC\Github\swp-hiv-clinic\target\classes;C:\Users\PC\.m2\repository\org\springframework\boot\spring-boot-starter-web\3.2.0\spring-boot-starter-web-3.2.0.jar;C:\Users\PC\.m2\repository\org\springframework\boot\spring-boot-starter\3.2.0\spring-boot-starter-3.2.0.jar;C:\Users\PC\.m2\repository\org\springframework\boot\spring-boot\3.2.0\spring-boot-3.2.0.jar;C:\Users\PC\.m2\repository\org\springframework\boot\spring-boot-autoconfigure\3.2.0\spring-boot-autoconfigure-3.2.0.jar;C:\Users\PC\.m2\repository\org\springframework\boot\spring-boot-starter-logging\3.2.0\spring-boot-starter-logging-3.2.0.jar;C:\Users\PC\.m2\repository\ch\qos\logback\logback-classic\1.4.11\logback-classic-1.4.11.jar;C:\Users\PC\.m2\repository\ch\qos\logback\logback-core\1.4.11\logback-core-1.4.11.jar;C:\Users\PC\.m2\repository\org\apache\logging\log4j\log4j-to-slf4j\2.21.1\log4j-to-slf4j-2.21.1.jar;C:\Users\PC\.m2\repository\org\apache\logging\log4j\log4j-api\2.21.1\log4j-api-2.21.1.jar;C:\Users\PC\.m2\repository\org\slf4j\jul-to-slf4j\2.0.9\jul-to-slf4j-2.0.9.jar;C:\Users\PC\.m2\repository\jakarta\annotation\jakarta.annotation-api\2.1.1\jakarta.annotation-api-2.1.1.jar;C:\Users\PC\.m2\repository\org\yaml\snakeyaml\2.2\snakeyaml-2.2.jar;C:\Users\PC\.m2\repository\org\springframework\boot\spring-boot-starter-json\3.2.0\spring-boot-starter-json-3.2.0.jar;C:\Users\PC\.m2\repository\com\fasterxml\jackson\datatype\jackson-datatype-jdk8\2.15.3\jackson-datatype-jdk8-2.15.3.jar;C:\Users\PC\.m2\repository\com\fasterxml\jackson\datatype\jackson-datatype-jsr310\2.15.3\jackson-datatype-jsr310-2.15.3.jar;C:\Users\PC\.m2\repository\com\fasterxml\jackson\module\jackson-module-parameter-names\2.15.3\jackson-module-parameter-names-2.15.3.jar;C:\Users\PC\.m2\repository\org\springframework\boot\spring-boot-starter-tomcat\3.2.0\spring-boot-starter-tomcat-3.2.0.jar;C:\Users\PC\.m2\repository\org\apache\tomcat\embed\tomcat-embed-core\10.1.16\tomcat-embed-core-10.1.16.jar;C:\Users\PC\.m2\repository\org\apache\tomcat\embed\tomcat-embed-websocket\10.1.16\tomcat-embed-websocket-10.1.16.jar;C:\Users\PC\.m2\repository\org\springframework\spring-web\6.1.1\spring-web-6.1.1.jar;C:\Users\PC\.m2\repository\org\springframework\spring-beans\6.1.1\spring-beans-6.1.1.jar;C:\Users\PC\.m2\repository\io\micrometer\micrometer-observation\1.12.0\micrometer-observation-1.12.0.jar;C:\Users\PC\.m2\repository\io\micrometer\micrometer-commons\1.12.0\micrometer-commons-1.12.0.jar;C:\Users\PC\.m2\repository\org\springframework\spring-webmvc\6.1.1\spring-webmvc-6.1.1.jar;C:\Users\PC\.m2\repository\org\springframework\spring-context\6.1.1\spring-context-6.1.1.jar;C:\Users\PC\.m2\repository\org\springframework\spring-expression\6.1.1\spring-expression-6.1.1.jar;C:\Users\PC\.m2\repository\org\springframework\boot\spring-boot-starter-data-jpa\3.2.0\spring-boot-starter-data-jpa-3.2.0.jar;C:\Users\PC\.m2\repository\org\springframework\boot\spring-boot-starter-aop\3.2.0\spring-boot-starter-aop-3.2.0.jar;C:\Users\PC\.m2\repository\org\aspectj\aspectjweaver\1.9.20.1\aspectjweaver-1.9.20.1.jar;C:\Users\PC\.m2\repository\org\springframework\boot\spring-boot-starter-jdbc\3.2.0\spring-boot-starter-jdbc-3.2.0.jar;C:\Users\PC\.m2\repository\com\zaxxer\HikariCP\5.0.1\HikariCP-5.0.1.jar;C:\Users\PC\.m2\repository\org\springframework\spring-jdbc\6.1.1\spring-jdbc-6.1.1.jar;C:\Users\PC\.m2\repository\org\hibernate\orm\hibernate-core\6.3.1.Final\hibernate-core-6.3.1.Final.jar;C:\Users\PC\.m2\repository\jakarta\persistence\jakarta.persistence-api\3.1.0\jakarta.persistence-api-3.1.0.jar;C:\Users\PC\.m2\repository\org\jboss\logging\jboss-logging\3.5.3.Final\jboss-logging-3.5.3.Final.jar;C:\Users\PC\.m2\repository\org\hibernate\common\hibernate-commons-annotations\6.0.6.Final\hibernate-commons-annotations-6.0.6.Final.jar;C:\Users\PC\.m2\repository\io\smallrye\jandex\3.1.2\jandex-3.1.2.jar;C:\Users\PC\.m2\repository\com\fasterxml\classmate\1.6.0\classmate-1.6.0.jar;C:\Users\PC\.m2\repository\net\bytebuddy\byte-buddy\1.14.10\byte-buddy-1.14.10.jar;C:\Users\PC\.m2\repository\org\glassfish\jaxb\jaxb-runtime\4.0.4\jaxb-runtime-4.0.4.jar;C:\Users\PC\.m2\repository\org\glassfish\jaxb\jaxb-core\4.0.4\jaxb-core-4.0.4.jar;C:\Users\PC\.m2\repository\org\eclipse\angus\angus-activation\2.0.1\angus-activation-2.0.1.jar;C:\Users\PC\.m2\repository\org\glassfish\jaxb\txw2\4.0.4\txw2-4.0.4.jar;C:\Users\PC\.m2\repository\com\sun\istack\istack-commons-runtime\4.1.2\istack-commons-runtime-4.1.2.jar;C:\Users\PC\.m2\repository\jakarta\inject\jakarta.inject-api\2.0.1\jakarta.inject-api-2.0.1.jar;C:\Users\PC\.m2\repository\org\antlr\antlr4-runtime\4.10.1\antlr4-runtime-4.10.1.jar;C:\Users\PC\.m2\repository\org\springframework\data\spring-data-jpa\3.2.0\spring-data-jpa-3.2.0.jar;C:\Users\PC\.m2\repository\org\springframework\data\spring-data-commons\3.2.0\spring-data-commons-3.2.0.jar;C:\Users\PC\.m2\repository\org\springframework\spring-orm\6.1.1\spring-orm-6.1.1.jar;C:\Users\PC\.m2\repository\org\springframework\spring-tx\6.1.1\spring-tx-6.1.1.jar;C:\Users\PC\.m2\repository\org\slf4j\slf4j-api\2.0.9\slf4j-api-2.0.9.jar;C:\Users\PC\.m2\repository\org\springframework\spring-aspects\6.1.1\spring-aspects-6.1.1.jar;C:\Users\PC\.m2\repository\org\springframework\boot\spring-boot-starter-security\3.2.0\spring-boot-starter-security-3.2.0.jar;C:\Users\PC\.m2\repository\org\springframework\spring-aop\6.1.1\spring-aop-6.1.1.jar;C:\Users\PC\.m2\repository\org\springframework\security\spring-security-config\6.2.0\spring-security-config-6.2.0.jar;C:\Users\PC\.m2\repository\org\springframework\security\spring-security-web\6.2.0\spring-security-web-6.2.0.jar;C:\Users\PC\.m2\repository\org\springframework\boot\spring-boot-starter-validation\3.2.0\spring-boot-starter-validation-3.2.0.jar;C:\Users\PC\.m2\repository\org\apache\tomcat\embed\tomcat-embed-el\10.1.16\tomcat-embed-el-10.1.16.jar;C:\Users\PC\.m2\repository\org\hibernate\validator\hibernate-validator\8.0.1.Final\hibernate-validator-8.0.1.Final.jar;C:\Users\PC\.m2\repository\jakarta\validation\jakarta.validation-api\3.0.2\jakarta.validation-api-3.0.2.jar;C:\Users\PC\.m2\repository\com\microsoft\sqlserver\mssql-jdbc\12.4.2.jre11\mssql-jdbc-12.4.2.jre11.jar;C:\Users\PC\.m2\repository\com\fasterxml\jackson\datatype\jackson-datatype-hibernate6\2.15.3\jackson-datatype-hibernate6-2.15.3.jar;C:\Users\PC\.m2\repository\jakarta\transaction\jakarta.transaction-api\2.0.1\jakarta.transaction-api-2.0.1.jar;C:\Users\PC\.m2\repository\com\fasterxml\jackson\core\jackson-core\2.15.3\jackson-core-2.15.3.jar;C:\Users\PC\.m2\repository\com\fasterxml\jackson\core\jackson-databind\2.15.3\jackson-databind-2.15.3.jar;C:\Users\PC\.m2\repository\com\fasterxml\jackson\core\jackson-annotations\2.15.3\jackson-annotations-2.15.3.jar;C:\Users\PC\.m2\repository\io\jsonwebtoken\jjwt-api\0.11.5\jjwt-api-0.11.5.jar;C:\Users\PC\.m2\repository\io\jsonwebtoken\jjwt-impl\0.11.5\jjwt-impl-0.11.5.jar;C:\Users\PC\.m2\repository\io\jsonwebtoken\jjwt-jackson\0.11.5\jjwt-jackson-0.11.5.jar;C:\Users\PC\.m2\repository\org\projectlombok\lombok\1.18.30\lombok-1.18.30.jar;C:\Users\PC\.m2\repository\org\springframework\boot\spring-boot-starter-test\3.2.0\spring-boot-starter-test-3.2.0.jar;C:\Users\PC\.m2\repository\org\springframework\boot\spring-boot-test\3.2.0\spring-boot-test-3.2.0.jar;C:\Users\PC\.m2\repository\org\springframework\boot\spring-boot-test-autoconfigure\3.2.0\spring-boot-test-autoconfigure-3.2.0.jar;C:\Users\PC\.m2\repository\com\jayway\jsonpath\json-path\2.8.0\json-path-2.8.0.jar;C:\Users\PC\.m2\repository\jakarta\xml\bind\jakarta.xml.bind-api\4.0.1\jakarta.xml.bind-api-4.0.1.jar;C:\Users\PC\.m2\repository\jakarta\activation\jakarta.activation-api\2.1.2\jakarta.activation-api-2.1.2.jar;C:\Users\PC\.m2\repository\net\minidev\json-smart\2.5.0\json-smart-2.5.0.jar;C:\Users\PC\.m2\repository\net\minidev\accessors-smart\2.5.0\accessors-smart-2.5.0.jar;C:\Users\PC\.m2\repository\org\ow2\asm\asm\9.3\asm-9.3.jar;C:\Users\PC\.m2\repository\org\assertj\assertj-core\3.24.2\assertj-core-3.24.2.jar;C:\Users\PC\.m2\repository\org\awaitility\awaitility\4.2.0\awaitility-4.2.0.jar;C:\Users\PC\.m2\repository\org\hamcrest\hamcrest\2.2\hamcrest-2.2.jar;C:\Users\PC\.m2\repository\org\junit\jupiter\junit-jupiter\5.10.1\junit-jupiter-5.10.1.jar;C:\Users\PC\.m2\repository\org\junit\jupiter\junit-jupiter-api\5.10.1\junit-jupiter-api-5.10.1.jar;C:\Users\PC\.m2\repository\org\opentest4j\opentest4j\1.3.0\opentest4j-1.3.0.jar;C:\Users\PC\.m2\repository\org\junit\platform\junit-platform-commons\1.10.1\junit-platform-commons-1.10.1.jar;C:\Users\PC\.m2\repository\org\apiguardian\apiguardian-api\1.1.2\apiguardian-api-1.1.2.jar;C:\Users\PC\.m2\repository\org\junit\jupiter\junit-jupiter-params\5.10.1\junit-jupiter-params-5.10.1.jar;C:\Users\PC\.m2\repository\org\junit\jupiter\junit-jupiter-engine\5.10.1\junit-jupiter-engine-5.10.1.jar;C:\Users\PC\.m2\repository\org\junit\platform\junit-platform-engine\1.10.1\junit-platform-engine-1.10.1.jar;C:\Users\PC\.m2\repository\org\mockito\mockito-core\5.7.0\mockito-core-5.7.0.jar;C:\Users\PC\.m2\repository\net\bytebuddy\byte-buddy-agent\1.14.10\byte-buddy-agent-1.14.10.jar;C:\Users\PC\.m2\repository\org\objenesis\objenesis\3.3\objenesis-3.3.jar;C:\Users\PC\.m2\repository\org\mockito\mockito-junit-jupiter\5.7.0\mockito-junit-jupiter-5.7.0.jar;C:\Users\PC\.m2\repository\org\skyscreamer\jsonassert\1.5.1\jsonassert-1.5.1.jar;C:\Users\PC\.m2\repository\com\vaadin\external\google\android-json\0.0.20131108.vaadin1\android-json-0.0.20131108.vaadin1.jar;C:\Users\PC\.m2\repository\org\springframework\spring-core\6.1.1\spring-core-6.1.1.jar;C:\Users\PC\.m2\repository\org\springframework\spring-jcl\6.1.1\spring-jcl-6.1.1.jar;C:\Users\PC\.m2\repository\org\springframework\spring-test\6.1.1\spring-test-6.1.1.jar;C:\Users\PC\.m2\repository\org\xmlunit\xmlunit-core\2.9.1\xmlunit-core-2.9.1.jar;C:\Users\PC\.m2\repository\org\springframework\security\spring-security-test\6.2.0\spring-security-test-6.2.0.jar;C:\Users\PC\.m2\repository\org\springframework\security\spring-security-core\6.2.0\spring-security-core-6.2.0.jar;C:\Users\PC\.m2\repository\org\springframework\security\spring-security-crypto\6.2.0\spring-security-crypto-6.2.0.jar;"/>
    <property name="sun.cpu.endian" value="little"/>
    <property name="user.home" value="C:\Users\PC"/>
    <property name="user.language" value="en"/>
    <property name="sun.stderr.encoding" value="cp437"/>
    <property name="java.specification.vendor" value="Oracle Corporation"/>
    <property name="java.version.date" value="2024-07-16"/>
    <property name="java.home" value="C:\Program Files\Java\jdk-17"/>
    <property name="file.separator" value="\"/>
    <property name="basedir" value="C:\Users\PC\Github\swp-hiv-clinic"/>
    <property name="java.vm.compressedOopsMode" value="32-bit"/>
    <property name="line.separator" value="&#10;"/>
    <property name="sun.stdout.encoding" value="cp437"/>
    <property name="java.vm.specification.vendor" value="Oracle Corporation"/>
    <property name="java.specification.name" value="Java Platform API Specification"/>
    <property name="FILE_LOG_CHARSET" value="windows-1252"/>
    <property name="java.awt.headless" value="true"/>
    <property name="user.script" value=""/>
    <property name="sun.management.compiler" value="HotSpot 64-Bit Tiered Compilers"/>
    <property name="java.runtime.version" value="17.0.12+8-LTS-286"/>
    <property name="user.name" value="PC"/>
    <property name="path.separator" value=";"/>
    <property name="os.version" value="10.0"/>
    <property name="java.runtime.name" value="Java(TM) SE Runtime Environment"/>
    <property name="file.encoding" value="Cp1252"/>
    <property name="guice.disable.misplaced.annotation.check" value="true"/>
    <property name="java.vm.name" value="Java HotSpot(TM) 64-Bit Server VM"/>
    <property name="localRepository" value="C:\Users\PC\.m2\repository"/>
    <property name="java.vendor.url.bug" value="https://bugreport.java.com/bugreport/"/>
    <property name="java.io.tmpdir" value="C:\Users\PC\AppData\Local\Temp\"/>
    <property name="com.zaxxer.hikari.pool_number" value="1"/>
    <property name="java.version" value="17.0.12"/>
    <property name="user.dir" value="C:\Users\PC\Github\swp-hiv-clinic"/>
    <property name="os.arch" value="amd64"/>
    <property name="maven.multiModuleProjectDirectory" value="C:\Users\PC\Github\swp-hiv-clinic"/>
    <property name="java.vm.specification.name" value="Java Virtual Machine Specification"/>
    <property name="PID" value="5468"/>
    <property name="sun.os.patch.level" value=""/>
    <property name="CONSOLE_LOG_CHARSET" value="windows-1252"/>
    <property name="native.encoding" value="Cp1252"/>
    <property name="java.library.path" value="C:\Program Files\Java\jdk-17\bin;C:\WINDOWS\Sun\Java\bin;C:\WINDOWS\system32;C:\WINDOWS;C:\Program Files\Common Files\Oracle\Java\javapath;C:\WINDOWS\system32;C:\WINDOWS;C:\WINDOWS\System32\Wbem;C:\WINDOWS\System32\WindowsPowerShell\v1.0\;C:\WINDOWS\System32\OpenSSH\;C:\Program Files (x86)\Microsoft SQL Server\160\Tools\Binn\;C:\Program Files\Microsoft SQL Server\160\Tools\Binn\;C:\Program Files\Microsoft SQL Server\Client SDK\ODBC\170\Tools\Binn\;C:\Program Files\Microsoft SQL Server\160\DTS\Binn\;C:\Program Files (x86)\Microsoft SQL Server\160\DTS\Binn\;C:\Program Files\Java\jdk1.8.0_172\bin;D:\Tuan\TaiLieuHocTap2\Program\Git\cmd;D:\Tuan\TaiLieuHocTap2\Program\NodeJS\;C:\Program Files\Java\jdk-17\bin;C:\Program Files\Apache\Maven\apache-maven-3.9.9\bin;C:\Program Files\Apache\Maven\apache-maven-3.9.9\bin;C:\Program Files\Cloudflare\Cloudflare WARP\;C:\Users\PC\AppData\Local\Programs\Python\Launcher\;C:\Users\PC\AppData\Local\Microsoft\WindowsApps;D:\Tuan\TaiLieuHocTap2\Program\VSCode\Microsoft VS Code\bin;C:\Users\PC\AppData\Local\GitHubDesktop\bin;C:\Users\PC\AppData\Roaming\npm;;D:\Tuan\TaiLieuHocTap2\Program\IntelliJ IDEA 2025.1.1.1\bin;;D:\Tuan\TaiLieuHocTap2\Program\IntelliJ IDEA Community Edition 2025.1.1.1\bin;;c:\Users\PC\AppData\Roaming\Code\User\globalStorage\github.copilot-chat\debugCommand;."/>
    <property name="java.vm.info" value="mixed mode, sharing"/>
    <property name="java.vendor" value="Oracle Corporation"/>
    <property name="java.vm.version" value="17.0.12+8-LTS-286"/>
    <property name="classworlds.conf" value="C:\Program Files\Apache\Maven\apache-maven-3.9.9\bin\m2.conf"/>
    <property name="sun.io.unicode.encoding" value="UnicodeLittle"/>
    <property name="library.jansi.path" value="C:\Program Files\Apache\Maven\apache-maven-3.9.9\lib\jansi-native"/>
    <property name="java.class.version" value="61.0"/>
    <property name="LOGGED_APPLICATION_NAME" value="[HIV Clinic Backend] "/>
  </properties>
  <testcase name="testGetNotificationHistory_Success" classname="com.hivclinic.service.DoctorNotificationServiceTest" time="0.539">
    <system-out><![CDATA[2025-07-10T16:38:18.524+07:00 DEBUG 5468 --- [HIV Clinic Backend] [           main] c.h.service.DoctorNotificationService    : Doctor 1 requesting notification history for patient 2
2025-07-10T16:38:18.531+07:00 DEBUG 5468 --- [HIV Clinic Backend] [           main] c.h.service.DoctorNotificationService    : Doctor 1 has 1 appointments with patient 2
2025-07-10T16:38:18.531+07:00 DEBUG 5468 --- [HIV Clinic Backend] [           main] c.h.service.DoctorNotificationService    : Found 2 notifications for patient 2
]]></system-out>
  </testcase>
  <testcase name="testSendNotificationToPatient_PatientNotFound" classname="com.hivclinic.service.DoctorNotificationServiceTest" time="0.024">
    <system-out><![CDATA[2025-07-10T16:38:18.557+07:00  INFO 5468 --- [HIV Clinic Backend] [           main] c.h.service.DoctorNotificationService    : Doctor 1 sending notification to patient 999 using template 1
2025-07-10T16:38:18.561+07:00 ERROR 5468 --- [HIV Clinic Backend] [           main] c.h.service.DoctorNotificationService    : Patient not found or invalid role: 999
]]></system-out>
  </testcase>
  <testcase name="testGetNotificationHistory_NoPermission" classname="com.hivclinic.service.DoctorNotificationServiceTest" time="0.014">
    <system-out><![CDATA[2025-07-10T16:38:18.586+07:00 DEBUG 5468 --- [HIV Clinic Backend] [           main] c.h.service.DoctorNotificationService    : Doctor 1 requesting notification history for patient 2
2025-07-10T16:38:18.589+07:00 DEBUG 5468 --- [HIV Clinic Backend] [           main] c.h.service.DoctorNotificationService    : Doctor 1 has 0 appointments with patient 2
2025-07-10T16:38:18.589+07:00 ERROR 5468 --- [HIV Clinic Backend] [           main] c.h.service.DoctorNotificationService    : Doctor 1 does not have permission to access patient 2 notifications
]]></system-out>
  </testcase>
  <testcase name="testGetPatientsWithAppointments_DoctorNotFound" classname="com.hivclinic.service.DoctorNotificationServiceTest" time="0.016">
    <system-out><![CDATA[2025-07-10T16:38:18.593+07:00 DEBUG 5468 --- [HIV Clinic Backend] [           main] c.h.service.DoctorNotificationService    : Getting patients with appointments for doctor 999
2025-07-10T16:38:18.602+07:00 DEBUG 5468 --- [HIV Clinic Backend] [           main] c.h.service.DoctorNotificationService    : Expected frontend structure: userId, firstName, lastName, email
2025-07-10T16:38:18.603+07:00 ERROR 5468 --- [HIV Clinic Backend] [           main] c.h.service.DoctorNotificationService    : Doctor not found: 999
]]></system-out>
  </testcase>
  <testcase name="testSendNotificationToPatient_Success" classname="com.hivclinic.service.DoctorNotificationServiceTest" time="0.049">
    <system-out><![CDATA[2025-07-10T16:38:18.626+07:00  INFO 5468 --- [HIV Clinic Backend] [           main] c.h.service.DoctorNotificationService    : Doctor 1 sending notification to patient 2 using template 1
2025-07-10T16:38:18.626+07:00 DEBUG 5468 --- [HIV Clinic Backend] [           main] c.h.service.DoctorNotificationService    : Doctor 1 has 1 appointments with patient 2
2025-07-10T16:38:18.654+07:00 DEBUG 5468 --- [HIV Clinic Backend] [           main] c.h.service.DoctorNotificationService    : Added appointment variables: date=2025-07-11, time=16:38, status=SCHEDULED
2025-07-10T16:38:18.654+07:00 DEBUG 5468 --- [HIV Clinic Backend] [           main] c.h.service.DoctorNotificationService    : Template variables populated: {clinicName=HIV Clinic, patientName=Jane Smith, clinicAddress=123 Healthcare Avenue, patientFirstName=Jane, appointmentStatus=SCHEDULED, currentDate=2025-07-10, clinicEmail=info@hivclinic.com, currentMonth=JULY, message=, todayDate=July 10, 2025, currentYear=2025, patientLastName=Smith, currentTime=16:38, clinicPhone=(555) 123-4567, appointmentTimeReadable=4:38 PM, doctorName=Dr. John Doe, doctorLastName=Doe, appointmentDateReadable=July 11, 2025, appointmentTime=16:38, currentDay=10, doctorFirstName=Dr. John, appointmentDateTime=2025-07-11T16:38:18.610002100, appointmentDate=2025-07-11}
2025-07-10T16:38:18.654+07:00  INFO 5468 --- [HIV Clinic Backend] [           main] c.h.service.DoctorNotificationService    : Processing template with 23 variables for patient 2 and doctor 1
2025-07-10T16:38:18.654+07:00  INFO 5468 --- [HIV Clinic Backend] [           main] c.h.service.DoctorNotificationService    : Notification sent successfully from doctor 1 to patient 2
]]></system-out>
  </testcase>
  <testcase name="testUnsendNotification_NotificationNotFound" classname="com.hivclinic.service.DoctorNotificationServiceTest" time="0.008">
    <system-out><![CDATA[2025-07-10T16:38:18.659+07:00  INFO 5468 --- [HIV Clinic Backend] [           main] c.h.service.DoctorNotificationService    : Doctor 1 attempting to unsend notification 999
2025-07-10T16:38:18.659+07:00 ERROR 5468 --- [HIV Clinic Backend] [           main] c.h.service.DoctorNotificationService    : Notification not found: 999
]]></system-out>
  </testcase>
  <testcase name="testGetPatientsWithAppointments_Success" classname="com.hivclinic.service.DoctorNotificationServiceTest" time="0.006">
    <system-out><![CDATA[2025-07-10T16:38:18.674+07:00 DEBUG 5468 --- [HIV Clinic Backend] [           main] c.h.service.DoctorNotificationService    : Getting patients with appointments for doctor 1
2025-07-10T16:38:18.675+07:00 DEBUG 5468 --- [HIV Clinic Backend] [           main] c.h.service.DoctorNotificationService    : Expected frontend structure: userId, firstName, lastName, email
2025-07-10T16:38:18.675+07:00 DEBUG 5468 --- [HIV Clinic Backend] [           main] c.h.service.DoctorNotificationService    : Found PatientProfile for user 2: Jane Smith
2025-07-10T16:38:18.675+07:00 DEBUG 5468 --- [HIV Clinic Backend] [           main] c.h.service.DoctorNotificationService    : Final mapping for patient: userId=2, username=patient1, email=patient@test.com, firstName=Jane, lastName=Smith
2025-07-10T16:38:18.675+07:00  INFO 5468 --- [HIV Clinic Backend] [           main] c.h.service.DoctorNotificationService    : Successfully fetched 1 unique patients with appointments for doctor 1
]]></system-out>
  </testcase>
  <testcase name="testSendNotificationToPatient_InactiveTemplate" classname="com.hivclinic.service.DoctorNotificationServiceTest" time="0.028">
    <system-out><![CDATA[2025-07-10T16:38:18.693+07:00  INFO 5468 --- [HIV Clinic Backend] [           main] c.h.service.DoctorNotificationService    : Doctor 1 sending notification to patient 2 using template 1
2025-07-10T16:38:18.698+07:00 DEBUG 5468 --- [HIV Clinic Backend] [           main] c.h.service.DoctorNotificationService    : Doctor 1 has 1 appointments with patient 2
2025-07-10T16:38:18.701+07:00 ERROR 5468 --- [HIV Clinic Backend] [           main] c.h.service.DoctorNotificationService    : Template not found or inactive: 1
]]></system-out>
  </testcase>
  <testcase name="testSendNotificationToPatient_NoPermission" classname="com.hivclinic.service.DoctorNotificationServiceTest" time="0.01">
    <system-out><![CDATA[2025-07-10T16:38:18.710+07:00  INFO 5468 --- [HIV Clinic Backend] [           main] c.h.service.DoctorNotificationService    : Doctor 1 sending notification to patient 2 using template 1
2025-07-10T16:38:18.710+07:00 DEBUG 5468 --- [HIV Clinic Backend] [           main] c.h.service.DoctorNotificationService    : Doctor 1 has 0 appointments with patient 2
2025-07-10T16:38:18.714+07:00 ERROR 5468 --- [HIV Clinic Backend] [           main] c.h.service.DoctorNotificationService    : Doctor 1 does not have permission to contact patient 2
]]></system-out>
  </testcase>
  <testcase name="testGetNotificationTemplatesByType_InvalidType" classname="com.hivclinic.service.DoctorNotificationServiceTest" time="0.011">
    <system-out><![CDATA[2025-07-10T16:38:18.723+07:00 ERROR 5468 --- [HIV Clinic Backend] [           main] c.h.service.DoctorNotificationService    : Invalid notification type: INVALID_TYPE
]]></system-out>
  </testcase>
  <testcase name="testSendNotificationToPatient_TemplateNotFound" classname="com.hivclinic.service.DoctorNotificationServiceTest" time="0.014">
    <system-out><![CDATA[2025-07-10T16:38:18.726+07:00  INFO 5468 --- [HIV Clinic Backend] [           main] c.h.service.DoctorNotificationService    : Doctor 1 sending notification to patient 2 using template 999
2025-07-10T16:38:18.738+07:00 DEBUG 5468 --- [HIV Clinic Backend] [           main] c.h.service.DoctorNotificationService    : Doctor 1 has 1 appointments with patient 2
2025-07-10T16:38:18.739+07:00 ERROR 5468 --- [HIV Clinic Backend] [           main] c.h.service.DoctorNotificationService    : Template not found or inactive: 999
]]></system-out>
  </testcase>
  <testcase name="testSendNotificationToPatient_DoctorNotFound" classname="com.hivclinic.service.DoctorNotificationServiceTest" time="0.004">
    <system-out><![CDATA[2025-07-10T16:38:18.745+07:00  INFO 5468 --- [HIV Clinic Backend] [           main] c.h.service.DoctorNotificationService    : Doctor 999 sending notification to patient 2 using template 1
2025-07-10T16:38:18.745+07:00 ERROR 5468 --- [HIV Clinic Backend] [           main] c.h.service.DoctorNotificationService    : Doctor not found or invalid role: 999
]]></system-out>
  </testcase>
  <testcase name="testGetPatientsWithAppointments_WithFallbackNames" classname="com.hivclinic.service.DoctorNotificationServiceTest" time="0.012">
    <system-out><![CDATA[2025-07-10T16:38:18.759+07:00 DEBUG 5468 --- [HIV Clinic Backend] [           main] c.h.service.DoctorNotificationService    : Getting patients with appointments for doctor 1
2025-07-10T16:38:18.760+07:00 DEBUG 5468 --- [HIV Clinic Backend] [           main] c.h.service.DoctorNotificationService    : Expected frontend structure: userId, firstName, lastName, email
2025-07-10T16:38:18.761+07:00 DEBUG 5468 --- [HIV Clinic Backend] [           main] c.h.service.DoctorNotificationService    : No PatientProfile found for user 3, using User entity: patient3 Patient
2025-07-10T16:38:18.761+07:00 DEBUG 5468 --- [HIV Clinic Backend] [           main] c.h.service.DoctorNotificationService    : Final mapping for patient: userId=3, username=patient3, email=patient3@test.com, firstName=patient3, lastName=Patient
2025-07-10T16:38:18.761+07:00  INFO 5468 --- [HIV Clinic Backend] [           main] c.h.service.DoctorNotificationService    : Successfully fetched 1 unique patients with appointments for doctor 1
]]></system-out>
  </testcase>
  <testcase name="testGetPatientsWithAppointments_NoAppointments" classname="com.hivclinic.service.DoctorNotificationServiceTest" time="0.013">
    <system-out><![CDATA[2025-07-10T16:38:18.772+07:00 DEBUG 5468 --- [HIV Clinic Backend] [           main] c.h.service.DoctorNotificationService    : Getting patients with appointments for doctor 1
2025-07-10T16:38:18.774+07:00 DEBUG 5468 --- [HIV Clinic Backend] [           main] c.h.service.DoctorNotificationService    : Expected frontend structure: userId, firstName, lastName, email
2025-07-10T16:38:18.775+07:00  INFO 5468 --- [HIV Clinic Backend] [           main] c.h.service.DoctorNotificationService    : Successfully fetched 0 unique patients with appointments for doctor 1
]]></system-out>
  </testcase>
  <testcase name="testGetPatientsWithAppointments_WithoutPatientProfile" classname="com.hivclinic.service.DoctorNotificationServiceTest" time="0.038">
    <system-out><![CDATA[2025-07-10T16:38:18.783+07:00 DEBUG 5468 --- [HIV Clinic Backend] [           main] c.h.service.DoctorNotificationService    : Getting patients with appointments for doctor 1
2025-07-10T16:38:18.810+07:00 DEBUG 5468 --- [HIV Clinic Backend] [           main] c.h.service.DoctorNotificationService    : Expected frontend structure: userId, firstName, lastName, email
2025-07-10T16:38:18.810+07:00 DEBUG 5468 --- [HIV Clinic Backend] [           main] c.h.service.DoctorNotificationService    : No PatientProfile found for user 2, using User entity: Jane Smith
2025-07-10T16:38:18.810+07:00 DEBUG 5468 --- [HIV Clinic Backend] [           main] c.h.service.DoctorNotificationService    : Final mapping for patient: userId=2, username=patient1, email=patient@test.com, firstName=Jane, lastName=Smith
2025-07-10T16:38:18.810+07:00  INFO 5468 --- [HIV Clinic Backend] [           main] c.h.service.DoctorNotificationService    : Successfully fetched 1 unique patients with appointments for doctor 1
]]></system-out>
  </testcase>
  <testcase name="testGetPatientsWithAppointments_ExceptionHandling" classname="com.hivclinic.service.DoctorNotificationServiceTest" time="0.053">
    <system-out><![CDATA[2025-07-10T16:38:18.830+07:00 DEBUG 5468 --- [HIV Clinic Backend] [           main] c.h.service.DoctorNotificationService    : Getting patients with appointments for doctor 1
2025-07-10T16:38:18.837+07:00 DEBUG 5468 --- [HIV Clinic Backend] [           main] c.h.service.DoctorNotificationService    : Expected frontend structure: userId, firstName, lastName, email
2025-07-10T16:38:18.841+07:00 ERROR 5468 --- [HIV Clinic Backend] [           main] c.h.service.DoctorNotificationService    : Error getting patients for doctor 1: Database error

java.lang.RuntimeException: Database error
	at com.hivclinic.service.DoctorNotificationService.getPatientsWithAppointments(DoctorNotificationService.java:437) ~[classes/:na]
	at com.hivclinic.service.DoctorNotificationServiceTest.testGetPatientsWithAppointments_ExceptionHandling(DoctorNotificationServiceTest.java:234) ~[test-classes/:na]
	at java.base/jdk.internal.reflect.NativeMethodAccessorImpl.invoke0(Native Method) ~[na:na]
	at java.base/jdk.internal.reflect.NativeMethodAccessorImpl.invoke(NativeMethodAccessorImpl.java:77) ~[na:na]
	at java.base/jdk.internal.reflect.DelegatingMethodAccessorImpl.invoke(DelegatingMethodAccessorImpl.java:43) ~[na:na]
	at java.base/java.lang.reflect.Method.invoke(Method.java:568) ~[na:na]
	at org.junit.platform.commons.util.ReflectionUtils.invokeMethod(ReflectionUtils.java:728) ~[junit-platform-commons-1.10.1.jar:1.10.1]
	at org.junit.jupiter.engine.execution.MethodInvocation.proceed(MethodInvocation.java:60) ~[junit-jupiter-engine-5.10.1.jar:5.10.1]
	at org.junit.jupiter.engine.execution.InvocationInterceptorChain$ValidatingInvocation.proceed(InvocationInterceptorChain.java:131) ~[junit-jupiter-engine-5.10.1.jar:5.10.1]
	at org.junit.jupiter.engine.extension.TimeoutExtension.intercept(TimeoutExtension.java:156) ~[junit-jupiter-engine-5.10.1.jar:5.10.1]
	at org.junit.jupiter.engine.extension.TimeoutExtension.interceptTestableMethod(TimeoutExtension.java:147) ~[junit-jupiter-engine-5.10.1.jar:5.10.1]
	at org.junit.jupiter.engine.extension.TimeoutExtension.interceptTestMethod(TimeoutExtension.java:86) ~[junit-jupiter-engine-5.10.1.jar:5.10.1]
	at org.junit.jupiter.engine.execution.InterceptingExecutableInvoker$ReflectiveInterceptorCall.lambda$ofVoidMethod$0(InterceptingExecutableInvoker.java:103) ~[junit-jupiter-engine-5.10.1.jar:5.10.1]
	at org.junit.jupiter.engine.execution.InterceptingExecutableInvoker.lambda$invoke$0(InterceptingExecutableInvoker.java:93) ~[junit-jupiter-engine-5.10.1.jar:5.10.1]
	at org.junit.jupiter.engine.execution.InvocationInterceptorChain$InterceptedInvocation.proceed(InvocationInterceptorChain.java:106) ~[junit-jupiter-engine-5.10.1.jar:5.10.1]
	at org.junit.jupiter.engine.execution.InvocationInterceptorChain.proceed(InvocationInterceptorChain.java:64) ~[junit-jupiter-engine-5.10.1.jar:5.10.1]
	at org.junit.jupiter.engine.execution.InvocationInterceptorChain.chainAndInvoke(InvocationInterceptorChain.java:45) ~[junit-jupiter-engine-5.10.1.jar:5.10.1]
	at org.junit.jupiter.engine.execution.InvocationInterceptorChain.invoke(InvocationInterceptorChain.java:37) ~[junit-jupiter-engine-5.10.1.jar:5.10.1]
	at org.junit.jupiter.engine.execution.InterceptingExecutableInvoker.invoke(InterceptingExecutableInvoker.java:92) ~[junit-jupiter-engine-5.10.1.jar:5.10.1]
	at org.junit.jupiter.engine.execution.InterceptingExecutableInvoker.invoke(InterceptingExecutableInvoker.java:86) ~[junit-jupiter-engine-5.10.1.jar:5.10.1]
	at org.junit.jupiter.engine.descriptor.TestMethodTestDescriptor.lambda$invokeTestMethod$7(TestMethodTestDescriptor.java:218) ~[junit-jupiter-engine-5.10.1.jar:5.10.1]
	at org.junit.platform.engine.support.hierarchical.ThrowableCollector.execute(ThrowableCollector.java:73) ~[junit-platform-engine-1.10.1.jar:1.10.1]
	at org.junit.jupiter.engine.descriptor.TestMethodTestDescriptor.invokeTestMethod(TestMethodTestDescriptor.java:214) ~[junit-jupiter-engine-5.10.1.jar:5.10.1]
	at org.junit.jupiter.engine.descriptor.TestMethodTestDescriptor.execute(TestMethodTestDescriptor.java:139) ~[junit-jupiter-engine-5.10.1.jar:5.10.1]
	at org.junit.jupiter.engine.descriptor.TestMethodTestDescriptor.execute(TestMethodTestDescriptor.java:69) ~[junit-jupiter-engine-5.10.1.jar:5.10.1]
	at org.junit.platform.engine.support.hierarchical.NodeTestTask.lambda$executeRecursively$6(NodeTestTask.java:151) ~[junit-platform-engine-1.10.1.jar:1.10.1]
	at org.junit.platform.engine.support.hierarchical.ThrowableCollector.execute(ThrowableCollector.java:73) ~[junit-platform-engine-1.10.1.jar:1.10.1]
	at org.junit.platform.engine.support.hierarchical.NodeTestTask.lambda$executeRecursively$8(NodeTestTask.java:141) ~[junit-platform-engine-1.10.1.jar:1.10.1]
	at org.junit.platform.engine.support.hierarchical.Node.around(Node.java:137) ~[junit-platform-engine-1.10.1.jar:1.10.1]
	at org.junit.platform.engine.support.hierarchical.NodeTestTask.lambda$executeRecursively$9(NodeTestTask.java:139) ~[junit-platform-engine-1.10.1.jar:1.10.1]
	at org.junit.platform.engine.support.hierarchical.ThrowableCollector.execute(ThrowableCollector.java:73) ~[junit-platform-engine-1.10.1.jar:1.10.1]
	at org.junit.platform.engine.support.hierarchical.NodeTestTask.executeRecursively(NodeTestTask.java:138) ~[junit-platform-engine-1.10.1.jar:1.10.1]
	at org.junit.platform.engine.support.hierarchical.NodeTestTask.execute(NodeTestTask.java:95) ~[junit-platform-engine-1.10.1.jar:1.10.1]
	at java.base/java.util.ArrayList.forEach(ArrayList.java:1511) ~[na:na]
	at org.junit.platform.engine.support.hierarchical.SameThreadHierarchicalTestExecutorService.invokeAll(SameThreadHierarchicalTestExecutorService.java:41) ~[junit-platform-engine-1.10.1.jar:1.10.1]
	at org.junit.platform.engine.support.hierarchical.NodeTestTask.lambda$executeRecursively$6(NodeTestTask.java:155) ~[junit-platform-engine-1.10.1.jar:1.10.1]
	at org.junit.platform.engine.support.hierarchical.ThrowableCollector.execute(ThrowableCollector.java:73) ~[junit-platform-engine-1.10.1.jar:1.10.1]
	at org.junit.platform.engine.support.hierarchical.NodeTestTask.lambda$executeRecursively$8(NodeTestTask.java:141) ~[junit-platform-engine-1.10.1.jar:1.10.1]
	at org.junit.platform.engine.support.hierarchical.Node.around(Node.java:137) ~[junit-platform-engine-1.10.1.jar:1.10.1]
	at org.junit.platform.engine.support.hierarchical.NodeTestTask.lambda$executeRecursively$9(NodeTestTask.java:139) ~[junit-platform-engine-1.10.1.jar:1.10.1]
	at org.junit.platform.engine.support.hierarchical.ThrowableCollector.execute(ThrowableCollector.java:73) ~[junit-platform-engine-1.10.1.jar:1.10.1]
	at org.junit.platform.engine.support.hierarchical.NodeTestTask.executeRecursively(NodeTestTask.java:138) ~[junit-platform-engine-1.10.1.jar:1.10.1]
	at org.junit.platform.engine.support.hierarchical.NodeTestTask.execute(NodeTestTask.java:95) ~[junit-platform-engine-1.10.1.jar:1.10.1]
	at java.base/java.util.ArrayList.forEach(ArrayList.java:1511) ~[na:na]
	at org.junit.platform.engine.support.hierarchical.SameThreadHierarchicalTestExecutorService.invokeAll(SameThreadHierarchicalTestExecutorService.java:41) ~[junit-platform-engine-1.10.1.jar:1.10.1]
	at org.junit.platform.engine.support.hierarchical.NodeTestTask.lambda$executeRecursively$6(NodeTestTask.java:155) ~[junit-platform-engine-1.10.1.jar:1.10.1]
	at org.junit.platform.engine.support.hierarchical.ThrowableCollector.execute(ThrowableCollector.java:73) ~[junit-platform-engine-1.10.1.jar:1.10.1]
	at org.junit.platform.engine.support.hierarchical.NodeTestTask.lambda$executeRecursively$8(NodeTestTask.java:141) ~[junit-platform-engine-1.10.1.jar:1.10.1]
	at org.junit.platform.engine.support.hierarchical.Node.around(Node.java:137) ~[junit-platform-engine-1.10.1.jar:1.10.1]
	at org.junit.platform.engine.support.hierarchical.NodeTestTask.lambda$executeRecursively$9(NodeTestTask.java:139) ~[junit-platform-engine-1.10.1.jar:1.10.1]
	at org.junit.platform.engine.support.hierarchical.ThrowableCollector.execute(ThrowableCollector.java:73) ~[junit-platform-engine-1.10.1.jar:1.10.1]
	at org.junit.platform.engine.support.hierarchical.NodeTestTask.executeRecursively(NodeTestTask.java:138) ~[junit-platform-engine-1.10.1.jar:1.10.1]
	at org.junit.platform.engine.support.hierarchical.NodeTestTask.execute(NodeTestTask.java:95) ~[junit-platform-engine-1.10.1.jar:1.10.1]
	at org.junit.platform.engine.support.hierarchical.SameThreadHierarchicalTestExecutorService.submit(SameThreadHierarchicalTestExecutorService.java:35) ~[junit-platform-engine-1.10.1.jar:1.10.1]
	at org.junit.platform.engine.support.hierarchical.HierarchicalTestExecutor.execute(HierarchicalTestExecutor.java:57) ~[junit-platform-engine-1.10.1.jar:1.10.1]
	at org.junit.platform.engine.support.hierarchical.HierarchicalTestEngine.execute(HierarchicalTestEngine.java:54) ~[junit-platform-engine-1.10.1.jar:1.10.1]
	at org.junit.platform.launcher.core.EngineExecutionOrchestrator.execute(EngineExecutionOrchestrator.java:198) ~[junit-platform-launcher-1.10.1.jar:1.10.1]
	at org.junit.platform.launcher.core.EngineExecutionOrchestrator.execute(EngineExecutionOrchestrator.java:169) ~[junit-platform-launcher-1.10.1.jar:1.10.1]
	at org.junit.platform.launcher.core.EngineExecutionOrchestrator.execute(EngineExecutionOrchestrator.java:93) ~[junit-platform-launcher-1.10.1.jar:1.10.1]
	at org.junit.platform.launcher.core.EngineExecutionOrchestrator.lambda$execute$0(EngineExecutionOrchestrator.java:58) ~[junit-platform-launcher-1.10.1.jar:1.10.1]
	at org.junit.platform.launcher.core.EngineExecutionOrchestrator.withInterceptedStreams(EngineExecutionOrchestrator.java:141) ~[junit-platform-launcher-1.10.1.jar:1.10.1]
	at org.junit.platform.launcher.core.EngineExecutionOrchestrator.execute(EngineExecutionOrchestrator.java:57) ~[junit-platform-launcher-1.10.1.jar:1.10.1]
	at org.junit.platform.launcher.core.DefaultLauncher.execute(DefaultLauncher.java:103) ~[junit-platform-launcher-1.10.1.jar:1.10.1]
	at org.junit.platform.launcher.core.DefaultLauncher.execute(DefaultLauncher.java:85) ~[junit-platform-launcher-1.10.1.jar:1.10.1]
	at org.junit.platform.launcher.core.DelegatingLauncher.execute(DelegatingLauncher.java:47) ~[junit-platform-launcher-1.10.1.jar:1.10.1]
	at org.apache.maven.surefire.junitplatform.LazyLauncher.execute(LazyLauncher.java:56) ~[surefire-junit-platform-3.1.2.jar:3.1.2]
	at org.apache.maven.surefire.junitplatform.JUnitPlatformProvider.execute(JUnitPlatformProvider.java:184) ~[surefire-junit-platform-3.1.2.jar:3.1.2]
	at org.apache.maven.surefire.junitplatform.JUnitPlatformProvider.invokeAllTests(JUnitPlatformProvider.java:148) ~[surefire-junit-platform-3.1.2.jar:3.1.2]
	at org.apache.maven.surefire.junitplatform.JUnitPlatformProvider.invoke(JUnitPlatformProvider.java:122) ~[surefire-junit-platform-3.1.2.jar:3.1.2]
	at java.base/jdk.internal.reflect.NativeMethodAccessorImpl.invoke0(Native Method) ~[na:na]
	at java.base/jdk.internal.reflect.NativeMethodAccessorImpl.invoke(NativeMethodAccessorImpl.java:77) ~[na:na]
	at java.base/jdk.internal.reflect.DelegatingMethodAccessorImpl.invoke(DelegatingMethodAccessorImpl.java:43) ~[na:na]
	at java.base/java.lang.reflect.Method.invoke(Method.java:568) ~[na:na]
	at org.apache.maven.surefire.api.util.ReflectionUtils.invokeMethodWithArray2(ReflectionUtils.java:137) ~[surefire-api-3.1.2.jar:3.1.2]
	at org.apache.maven.surefire.booter.ProviderFactory$ProviderProxy.invoke(ProviderFactory.java:148) ~[surefire-booter-3.1.2.jar:3.1.2]
	at org.apache.maven.surefire.booter.ProviderFactory.invokeProvider(ProviderFactory.java:88) ~[surefire-booter-3.1.2.jar:3.1.2]
	at org.apache.maven.plugin.surefire.InPluginVMSurefireStarter.runSuitesInProcess(InPluginVMSurefireStarter.java:91) ~[maven-surefire-common-3.1.2.jar:3.1.2]
	at org.apache.maven.plugin.surefire.AbstractSurefireMojo.executeProvider(AbstractSurefireMojo.java:1177) ~[na:na]
	at org.apache.maven.plugin.surefire.AbstractSurefireMojo.executeAfterPreconditionsChecked(AbstractSurefireMojo.java:1055) ~[na:na]
	at org.apache.maven.plugin.surefire.AbstractSurefireMojo.execute(AbstractSurefireMojo.java:871) ~[na:na]
	at org.apache.maven.plugin.DefaultBuildPluginManager.executeMojo(DefaultBuildPluginManager.java:126) ~[na:na]
	at org.apache.maven.lifecycle.internal.MojoExecutor.doExecute2(MojoExecutor.java:328) ~[na:na]
	at org.apache.maven.lifecycle.internal.MojoExecutor.doExecute(MojoExecutor.java:316) ~[na:na]
	at org.apache.maven.lifecycle.internal.MojoExecutor.execute(MojoExecutor.java:212) ~[na:na]
	at org.apache.maven.lifecycle.internal.MojoExecutor.execute(MojoExecutor.java:174) ~[na:na]
	at org.apache.maven.lifecycle.internal.MojoExecutor.access$000(MojoExecutor.java:75) ~[na:na]
	at org.apache.maven.lifecycle.internal.MojoExecutor$1.run(MojoExecutor.java:162) ~[na:na]
	at org.apache.maven.plugin.DefaultMojosExecutionStrategy.execute(DefaultMojosExecutionStrategy.java:39) ~[na:na]
	at org.apache.maven.lifecycle.internal.MojoExecutor.execute(MojoExecutor.java:159) ~[na:na]
	at org.apache.maven.lifecycle.internal.LifecycleModuleBuilder.buildProject(LifecycleModuleBuilder.java:105) ~[na:na]
	at org.apache.maven.lifecycle.internal.LifecycleModuleBuilder.buildProject(LifecycleModuleBuilder.java:73) ~[na:na]
	at org.apache.maven.lifecycle.internal.builder.singlethreaded.SingleThreadedBuilder.build(SingleThreadedBuilder.java:53) ~[na:na]
	at org.apache.maven.lifecycle.internal.LifecycleStarter.execute(LifecycleStarter.java:118) ~[na:na]
	at org.apache.maven.DefaultMaven.doExecute(DefaultMaven.java:261) ~[na:na]
	at org.apache.maven.DefaultMaven.doExecute(DefaultMaven.java:173) ~[na:na]
	at org.apache.maven.DefaultMaven.execute(DefaultMaven.java:101) ~[na:na]
	at org.apache.maven.cli.MavenCli.execute(MavenCli.java:906) ~[na:na]
	at org.apache.maven.cli.MavenCli.doMain(MavenCli.java:283) ~[na:na]
	at org.apache.maven.cli.MavenCli.main(MavenCli.java:206) ~[na:na]
	at java.base/jdk.internal.reflect.NativeMethodAccessorImpl.invoke0(Native Method) ~[na:na]
	at java.base/jdk.internal.reflect.NativeMethodAccessorImpl.invoke(NativeMethodAccessorImpl.java:77) ~[na:na]
	at java.base/jdk.internal.reflect.DelegatingMethodAccessorImpl.invoke(DelegatingMethodAccessorImpl.java:43) ~[na:na]
	at java.base/java.lang.reflect.Method.invoke(Method.java:568) ~[na:na]
	at org.codehaus.plexus.classworlds.launcher.Launcher.launchEnhanced(Launcher.java:255) ~[na:na]
	at org.codehaus.plexus.classworlds.launcher.Launcher.launch(Launcher.java:201) ~[na:na]
	at org.codehaus.plexus.classworlds.launcher.Launcher.mainWithExitCode(Launcher.java:361) ~[na:na]
	at org.codehaus.plexus.classworlds.launcher.Launcher.main(Launcher.java:314) ~[na:na]

]]></system-out>
  </testcase>
  <testcase name="testGetNotificationTemplatesByType_Success" classname="com.hivclinic.service.DoctorNotificationServiceTest" time="0.001"/>
  <testcase name="testUnsendNotification_Success" classname="com.hivclinic.service.DoctorNotificationServiceTest" time="0.014">
    <system-out><![CDATA[2025-07-10T16:38:18.886+07:00  INFO 5468 --- [HIV Clinic Backend] [           main] c.h.service.DoctorNotificationService    : Doctor 1 attempting to unsend notification 1
2025-07-10T16:38:18.890+07:00 DEBUG 5468 --- [HIV Clinic Backend] [           main] c.h.service.DoctorNotificationService    : Doctor 1 has 1 appointments with patient 2
2025-07-10T16:38:18.890+07:00  INFO 5468 --- [HIV Clinic Backend] [           main] c.h.service.DoctorNotificationService    : Notification 1 cancelled by doctor 1
]]></system-out>
  </testcase>
  <testcase name="testUnsendNotification_AlreadySent" classname="com.hivclinic.service.DoctorNotificationServiceTest" time="0.003">
    <system-out><![CDATA[2025-07-10T16:38:18.895+07:00  INFO 5468 --- [HIV Clinic Backend] [           main] c.h.service.DoctorNotificationService    : Doctor 1 attempting to unsend notification 1
2025-07-10T16:38:18.895+07:00  WARN 5468 --- [HIV Clinic Backend] [           main] c.h.service.DoctorNotificationService    : Cannot unsend notification 1 - already sent at 2025-07-10T16:38:18.895703400
]]></system-out>
  </testcase>
</testsuite>